
***********
Task started in 1 time of 1 at 14.11.22 12:34:26
confread: missing section "Locals" in /usr/runmvs/broadwell/users/an090501/queue/broadwell.pic_2d_openmp.2
******************* n02p042 **********************
/common/runmvs/sbin/docker/cleanup_xp_com: line 1: docker: command not found
/common/runmvs/sbin/docker/cleanup_xp_com: line 7: docker: command not found
/common/runmvs/sbin/docker/cleanup_xp_com: line 12: docker: command not found
................................

Total Duration: 0.008s
Count: 32, Failed: 0, Skipped: 0
Host n02p042 has been prepared
******************* n02p044 **********************
/common/runmvs/sbin/docker/cleanup_xp_com: line 1: docker: command not found
/common/runmvs/sbin/docker/cleanup_xp_com: line 7: docker: command not found
/common/runmvs/sbin/docker/cleanup_xp_com: line 12: docker: command not found
................................

Total Duration: 0.008s
Count: 32, Failed: 0, Skipped: 0
Host n02p044 has been prepared
******************* n02p030 **********************
/common/runmvs/sbin/docker/cleanup_xp_com: line 1: docker: command not found
/common/runmvs/sbin/docker/cleanup_xp_com: line 7: docker: command not found
/common/runmvs/sbin/docker/cleanup_xp_com: line 12: docker: command not found
................................

Total Duration: 0.008s
Count: 32, Failed: 0, Skipped: 0
Host n02p030 has been prepared
******************* n02p055 **********************
******************* n02p045 **********************
/common/runmvs/sbin/docker/cleanup_xp_com: line 1: docker: command not found
/common/runmvs/sbin/docker/cleanup_xp_com: line 7: docker: command not found
/common/runmvs/sbin/docker/cleanup_xp_com: line 12: docker: command not found
................................

Total Duration: 0.007s
Count: 32, Failed: 0, Skipped: 0
Host n02p055 has been prepared
/common/runmvs/sbin/docker/cleanup_xp_com: line 1: docker: command not found
/common/runmvs/sbin/docker/cleanup_xp_com: line 7: docker: command not found
/common/runmvs/sbin/docker/cleanup_xp_com: line 12: docker: command not found
................................

Total Duration: 0.008s
Count: 32, Failed: 0, Skipped: 0
Host n02p045 has been prepared
******************* n02p015 **********************
******************* n02p043 **********************
/common/runmvs/sbin/docker/cleanup_xp_com: line 1: docker: command not found
/common/runmvs/sbin/docker/cleanup_xp_com: line 7: docker: command not found
/common/runmvs/sbin/docker/cleanup_xp_com: line 12: docker: command not found
................................

Total Duration: 0.008s
Count: 32, Failed: 0, Skipped: 0
Host n02p015 has been prepared
/common/runmvs/sbin/docker/cleanup_xp_com: line 1: docker: command not found
/common/runmvs/sbin/docker/cleanup_xp_com: line 7: docker: command not found
/common/runmvs/sbin/docker/cleanup_xp_com: line 12: docker: command not found
................................

Total Duration: 0.008s
Count: 32, Failed: 0, Skipped: 0
Host n02p043 has been prepared
******************* n02p037 **********************
/common/runmvs/sbin/docker/cleanup_xp_com: line 1: docker: command not found
/common/runmvs/sbin/docker/cleanup_xp_com: line 7: docker: command not found
/common/runmvs/sbin/docker/cleanup_xp_com: line 12: docker: command not found
................................

Total Duration: 0.008s
Count: 32, Failed: 0, Skipped: 0
******************* n02p018 **********************
Host n02p037 has been prepared
/common/runmvs/sbin/docker/cleanup_xp_com: line 1: docker: command not found
/common/runmvs/sbin/docker/cleanup_xp_com: line 7: docker: command not found
/common/runmvs/sbin/docker/cleanup_xp_com: line 12: docker: command not found
................................

Total Duration: 0.009s
Count: 32, Failed: 0, Skipped: 0
Host n02p018 has been prepared
******************* n02p050 **********************
******************* n02p039 **********************
/common/runmvs/sbin/docker/cleanup_xp_com: line 1: docker: command not found
/common/runmvs/sbin/docker/cleanup_xp_com: line 7: docker: command not found
/common/runmvs/sbin/docker/cleanup_xp_com: line 12: docker: command not found
................................

Total Duration: 0.008s
Count: 32, Failed: 0, Skipped: 0
Host n02p050 has been prepared
/common/runmvs/sbin/docker/cleanup_xp_com: line 1: docker: command not found
/common/runmvs/sbin/docker/cleanup_xp_com: line 7: docker: command not found
/common/runmvs/sbin/docker/cleanup_xp_com: line 12: docker: command not found
................................

Total Duration: 0.008s
Count: 32, Failed: 0, Skipped: 0
Host n02p039 has been prepared
******************* n02p074 **********************
/common/runmvs/sbin/docker/cleanup_xp_com: line 1: docker: command not found
/common/runmvs/sbin/docker/cleanup_xp_com: line 7: docker: command not found
/common/runmvs/sbin/docker/cleanup_xp_com: line 12: docker: command not found
................................

Total Duration: 0.008s
Count: 32, Failed: 0, Skipped: 0
Host n02p074 has been prepared
******************* n02p041 **********************
/common/runmvs/sbin/docker/cleanup_xp_com: line 1: docker: command not found
/common/runmvs/sbin/docker/cleanup_xp_com: line 7: docker: command not found
/common/runmvs/sbin/docker/cleanup_xp_com: line 12: docker: command not found
................................

Total Duration: 0.007s
Count: 32, Failed: 0, Skipped: 0
Host n02p041 has been prepared
******************* n02p117 **********************
/common/runmvs/sbin/docker/cleanup_xp_com: line 1: docker: command not found
/common/runmvs/sbin/docker/cleanup_xp_com: line 7: docker: command not found
/common/runmvs/sbin/docker/cleanup_xp_com: line 12: docker: command not found
................................

Total Duration: 0.008s
Count: 32, Failed: 0, Skipped: 0
Host n02p117 has been prepared
******************* n02p016 **********************
******************* n02p032 **********************
/common/runmvs/sbin/docker/cleanup_xp_com: line 1: docker: command not found
/common/runmvs/sbin/docker/cleanup_xp_com: line 7: docker: command not found
/common/runmvs/sbin/docker/cleanup_xp_com: line 12: docker: command not found
................................

Total Duration: 0.007s
Count: 32, Failed: 0, Skipped: 0
******************* n02p080 **********************
/common/runmvs/sbin/docker/cleanup_xp_com: line 1: docker: command not found
/common/runmvs/sbin/docker/cleanup_xp_com: line 7: docker: command not found
/common/runmvs/sbin/docker/cleanup_xp_com: line 12: docker: command not found
................................

Total Duration: 0.007s
Count: 32, Failed: 0, Skipped: 0
Host n02p016 has been prepared
Host n02p032 has been prepared
/common/runmvs/sbin/docker/cleanup_xp_com: line 1: docker: command not found
/common/runmvs/sbin/docker/cleanup_xp_com: line 7: docker: command not found
/common/runmvs/sbin/docker/cleanup_xp_com: line 12: docker: command not found
................................

Total Duration: 0.008s
Count: 32, Failed: 0, Skipped: 0
Host n02p080 has been prepared
******************* n02p075 **********************
/common/runmvs/sbin/docker/cleanup_xp_com: line 1: docker: command not found
/common/runmvs/sbin/docker/cleanup_xp_com: line 7: docker: command not found
/common/runmvs/sbin/docker/cleanup_xp_com: line 12: docker: command not found
................................

Total Duration: 0.007s
Count: 32, Failed: 0, Skipped: 0
Host n02p075 has been prepared
******************* n02p057 **********************
******************* n02p077 **********************
/common/runmvs/sbin/docker/cleanup_xp_com: line 1: docker: command not found
/common/runmvs/sbin/docker/cleanup_xp_com: line 7: docker: command not found
/common/runmvs/sbin/docker/cleanup_xp_com: line 12: docker: command not found
................................

Total Duration: 0.006s
Count: 32, Failed: 0, Skipped: 0
Host n02p057 has been prepared
/common/runmvs/sbin/docker/cleanup_xp_com: line 1: docker: command not found
/common/runmvs/sbin/docker/cleanup_xp_com: line 7: docker: command not found
/common/runmvs/sbin/docker/cleanup_xp_com: line 12: docker: command not found
................................

Total Duration: 0.009s
Count: 32, Failed: 0, Skipped: 0
Host n02p077 has been prepared
error_flag=0
Preparing nodes for user an090501
/usr/runmvs/bin/prepare_nodes '/usr/runmvs/broadwell/users/an090501/queue/broadwell.pic_2d_openmp.2'
Starting task process with pid 72884
Pid of sleeper is 72885
Sleeper 72885 started at 14.11.22 12:34:27 for 300 minutes, 0 seconds
Signals set
Sleeper 72885 got up at 14.11.22 17:34:27, testing end of task

**** WARNING!!! The task has exhausted settled time!!! ****

manager: sleeper 72885 was comleted with code 4
Killing child tasks of pid 72884
Executing /usr/runmvs/bin/stoptask.slurm /usr/runmvs/broadwell/users/an090501/queue/broadwell.pic_2d_openmp.2 /usr/runmvs/broadwell/users/an090501/run/broadwell.pic_2d_openmp.2 72884
/usr/runmvs/bin/stoptask.slurm: Killing 207657 task by timeout...
manager: process 72884 done at 14.11.22 17:34:34
Creating done-file /usr/runmvs/broadwell/users/an090501/done/broadwell.pic_2d_openmp.2
Done-file created successfully
14.11.22 17:34:34: manager: closing nodes
close_node: running "/usr/runmvs/bin/close_nodes /usr/runmvs/broadwell/users/an090501/queue/broadwell.pic_2d_openmp.2 no"
Close nodes started
Executing /usr/runmvs/bin/trycmd 3 /usr/runmvs/bin/cmd 900 /usr/bin/ssh on node n02p015
Executing /usr/runmvs/bin/trycmd 3 /usr/runmvs/bin/cmd 900 /usr/bin/ssh on node n02p016
Executing /usr/runmvs/bin/trycmd 3 /usr/runmvs/bin/cmd 900 /usr/bin/ssh on node n02p018
Executing /usr/runmvs/bin/trycmd 3 /usr/runmvs/bin/cmd 900 /usr/bin/ssh on node n02p030
Executing /usr/runmvs/bin/trycmd 3 /usr/runmvs/bin/cmd 900 /usr/bin/ssh on node n02p032
Executing /usr/runmvs/bin/trycmd 3 /usr/runmvs/bin/cmd 900 /usr/bin/ssh on node n02p037
Executing /usr/runmvs/bin/trycmd 3 /usr/runmvs/bin/cmd 900 /usr/bin/ssh on node n02p039
Executing /usr/runmvs/bin/trycmd 3 /usr/runmvs/bin/cmd 900 /usr/bin/ssh on node n02p041
Executing /usr/runmvs/bin/trycmd 3 /usr/runmvs/bin/cmd 900 /usr/bin/ssh on node n02p042
Executing /usr/runmvs/bin/trycmd 3 /usr/runmvs/bin/cmd 900 /usr/bin/ssh on node n02p043
Executing /usr/runmvs/bin/trycmd 3 /usr/runmvs/bin/cmd 900 /usr/bin/ssh on node n02p044
Executing /usr/runmvs/bin/trycmd 3 /usr/runmvs/bin/cmd 900 /usr/bin/ssh on node n02p045
Executing /usr/runmvs/bin/trycmd 3 /usr/runmvs/bin/cmd 900 /usr/bin/ssh on node n02p050
Executing /usr/runmvs/bin/trycmd 3 /usr/runmvs/bin/cmd 900 /usr/bin/ssh on node n02p055
Executing /usr/runmvs/bin/trycmd 3 /usr/runmvs/bin/cmd 900 /usr/bin/ssh on node n02p057
Executing /usr/runmvs/bin/trycmd 3 /usr/runmvs/bin/cmd 900 /usr/bin/ssh on node n02p074
Executing /usr/runmvs/bin/trycmd 3 /usr/runmvs/bin/cmd 900 /usr/bin/ssh on node n02p075
Executing /usr/runmvs/bin/trycmd 3 /usr/runmvs/bin/cmd 900 /usr/bin/ssh on node n02p077
Executing /usr/runmvs/bin/trycmd 3 /usr/runmvs/bin/cmd 900 /usr/bin/ssh on node n02p080
Executing /usr/runmvs/bin/trycmd 3 /usr/runmvs/bin/cmd 900 /usr/bin/ssh on node n02p117
Rsh on node n02p037 Ok
Rsh on node n02p030 Ok
Rsh on node n02p044 Ok
Rsh on node n02p015 Ok
Rsh on node n02p018 Ok
Rsh on node n02p055 Ok
Rsh on node n02p016 Ok
Rsh on node n02p045 Ok
Rsh on node n02p042 Ok
Rsh on node n02p041 Ok
Rsh on node n02p077 Ok
Rsh on node n02p032 Ok
Rsh on node n02p043 Ok
Rsh on node n02p039 Ok
Rsh on node n02p080 Ok
Rsh on node n02p117 Ok
Rsh on node n02p074 Ok
Rsh on node n02p075 Ok
Rsh on node n02p050 Ok
Rsh on node n02p057 Ok
confread: missing section "Locals" in /usr/runmvs/broadwell/users/an090501/queue/broadwell.pic_2d_openmp.2
close_nodes: node n02p015 has been successfully freed
close_nodes: node n02p016 has been successfully freed
close_nodes: node n02p018 has been successfully freed
close_nodes: node n02p030 has been successfully freed
close_nodes: node n02p032 has been successfully freed
close_nodes: node n02p037 has been successfully freed
close_nodes: node n02p039 has been successfully freed
close_nodes: node n02p041 has been successfully freed
close_nodes: node n02p042 has been successfully freed
close_nodes: node n02p043 has been successfully freed
close_nodes: node n02p044 has been successfully freed
close_nodes: node n02p045 has been successfully freed
close_nodes: node n02p050 has been successfully freed
close_nodes: node n02p055 has been successfully freed
close_nodes: node n02p057 has been successfully freed
close_nodes: node n02p074 has been successfully freed
close_nodes: node n02p075 has been successfully freed
close_nodes: node n02p077 has been successfully freed
close_nodes: node n02p080 has been successfully freed
close_nodes: node n02p117 has been successfully freed
close_node: close_nodes script done
14.11.22 17:34:40: manager: close_nodes done
Unlocking nodes ...
Exiting...
